[0.153s] DEBUG:colcon:Command line arguments: ['/usr/bin/colcon', 'build']
[0.153s] DEBUG:colcon:Parsed command line arguments: Namespace(log_base=None, log_level=None, verb_name='build', build_base='build', install_base='install', merge_install=False, symlink_install=False, test_result_base=None, continue_on_error=False, executor='parallel', parallel_workers=4, event_handlers=None, ignore_user_meta=False, metas=['./colcon.meta'], base_paths=['.'], packages_ignore=None, packages_ignore_regex=None, paths=None, packages_up_to=None, packages_up_to_regex=None, packages_above=None, packages_above_and_dependencies=None, packages_above_depth=None, packages_select_by_dep=None, packages_skip_by_dep=None, packages_skip_up_to=None, packages_select_build_failed=False, packages_skip_build_finished=False, packages_select_test_failures=False, packages_skip_test_passed=False, packages_select=None, packages_skip=None, packages_select_regex=None, packages_skip_regex=None, packages_start=None, packages_end=None, allow_overriding=[], cmake_args=None, cmake_target=None, cmake_target_skip_unavailable=False, cmake_clean_cache=False, cmake_clean_first=False, cmake_force_configure=False, ament_cmake_args=None, catkin_cmake_args=None, catkin_skip_building_tests=False, verb_parser=<colcon_defaults.argument_parser.defaults.DefaultArgumentsDecorator object at 0xe6a7373da4b0>, verb_extension=<colcon_core.verb.build.BuildVerb object at 0xe6a737546780>, main=<bound method BuildVerb.main of <colcon_core.verb.build.BuildVerb object at 0xe6a737546780>>)
[0.206s] Level 1:colcon.colcon_core.package_discovery:discover_packages(colcon_meta) check parameters
[0.206s] Level 1:colcon.colcon_core.package_discovery:discover_packages(recursive) check parameters
[0.206s] Level 1:colcon.colcon_core.package_discovery:discover_packages(ignore) check parameters
[0.206s] Level 1:colcon.colcon_core.package_discovery:discover_packages(path) check parameters
[0.206s] Level 1:colcon.colcon_core.package_discovery:discover_packages(colcon_meta) discover
[0.207s] Level 1:colcon.colcon_core.package_discovery:discover_packages(recursive) discover
[0.207s] INFO:colcon.colcon_core.package_discovery:Crawling recursively for packages in '/home/poseidon/ros2_ws/src/github/Tele-Operable-Robot'
[0.207s] Level 1:colcon.colcon_core.package_identification:_identify(.) by extensions ['ignore', 'ignore_ament_install']
[0.207s] Level 1:colcon.colcon_core.package_identification:_identify(.) by extension 'ignore'
[0.207s] Level 1:colcon.colcon_core.package_identification:_identify(.) by extension 'ignore_ament_install'
[0.207s] Level 1:colcon.colcon_core.package_identification:_identify(.) by extensions ['colcon_pkg']
[0.207s] Level 1:colcon.colcon_core.package_identification:_identify(.) by extension 'colcon_pkg'
[0.207s] Level 1:colcon.colcon_core.package_identification:_identify(.) by extensions ['colcon_meta']
[0.207s] Level 1:colcon.colcon_core.package_identification:_identify(.) by extension 'colcon_meta'
[0.207s] Level 1:colcon.colcon_core.package_identification:_identify(.) by extensions ['ros']
[0.207s] Level 1:colcon.colcon_core.package_identification:_identify(.) by extension 'ros'
[0.226s] Level 1:colcon.colcon_core.package_identification:_identify(.) by extensions ['cmake', 'python']
[0.226s] Level 1:colcon.colcon_core.package_identification:_identify(.) by extension 'cmake'
[0.226s] Level 1:colcon.colcon_core.package_identification:_identify(.) by extension 'python'
[0.226s] Level 1:colcon.colcon_core.package_identification:_identify(.) by extensions ['python_setup_py']
[0.226s] Level 1:colcon.colcon_core.package_identification:_identify(.) by extension 'python_setup_py'
[0.226s] Level 1:colcon.colcon_core.package_identification:_identify(build) by extensions ['ignore', 'ignore_ament_install']
[0.226s] Level 1:colcon.colcon_core.package_identification:_identify(build) by extension 'ignore'
[0.226s] Level 1:colcon.colcon_core.package_identification:_identify(build) ignored
[0.227s] Level 1:colcon.colcon_core.package_identification:_identify(install) by extensions ['ignore', 'ignore_ament_install']
[0.227s] Level 1:colcon.colcon_core.package_identification:_identify(install) by extension 'ignore'
[0.227s] Level 1:colcon.colcon_core.package_identification:_identify(install) ignored
[0.227s] Level 1:colcon.colcon_core.package_identification:_identify(log) by extensions ['ignore', 'ignore_ament_install']
[0.227s] Level 1:colcon.colcon_core.package_identification:_identify(log) by extension 'ignore'
[0.227s] Level 1:colcon.colcon_core.package_identification:_identify(log) ignored
[0.227s] Level 1:colcon.colcon_core.package_identification:_identify(src) by extensions ['ignore', 'ignore_ament_install']
[0.227s] Level 1:colcon.colcon_core.package_identification:_identify(src) by extension 'ignore'
[0.227s] Level 1:colcon.colcon_core.package_identification:_identify(src) by extension 'ignore_ament_install'
[0.227s] Level 1:colcon.colcon_core.package_identification:_identify(src) by extensions ['colcon_pkg']
[0.227s] Level 1:colcon.colcon_core.package_identification:_identify(src) by extension 'colcon_pkg'
[0.227s] Level 1:colcon.colcon_core.package_identification:_identify(src) by extensions ['colcon_meta']
[0.227s] Level 1:colcon.colcon_core.package_identification:_identify(src) by extension 'colcon_meta'
[0.227s] Level 1:colcon.colcon_core.package_identification:_identify(src) by extensions ['ros']
[0.227s] Level 1:colcon.colcon_core.package_identification:_identify(src) by extension 'ros'
[0.227s] Level 1:colcon.colcon_core.package_identification:_identify(src) by extensions ['cmake', 'python']
[0.227s] Level 1:colcon.colcon_core.package_identification:_identify(src) by extension 'cmake'
[0.227s] Level 1:colcon.colcon_core.package_identification:_identify(src) by extension 'python'
[0.227s] Level 1:colcon.colcon_core.package_identification:_identify(src) by extensions ['python_setup_py']
[0.227s] Level 1:colcon.colcon_core.package_identification:_identify(src) by extension 'python_setup_py'
[0.227s] Level 1:colcon.colcon_core.package_identification:_identify(src/teleop_subscriber) by extensions ['ignore', 'ignore_ament_install']
[0.227s] Level 1:colcon.colcon_core.package_identification:_identify(src/teleop_subscriber) by extension 'ignore'
[0.227s] Level 1:colcon.colcon_core.package_identification:_identify(src/teleop_subscriber) by extension 'ignore_ament_install'
[0.227s] Level 1:colcon.colcon_core.package_identification:_identify(src/teleop_subscriber) by extensions ['colcon_pkg']
[0.227s] Level 1:colcon.colcon_core.package_identification:_identify(src/teleop_subscriber) by extension 'colcon_pkg'
[0.228s] Level 1:colcon.colcon_core.package_identification:_identify(src/teleop_subscriber) by extensions ['colcon_meta']
[0.228s] Level 1:colcon.colcon_core.package_identification:_identify(src/teleop_subscriber) by extension 'colcon_meta'
[0.228s] Level 1:colcon.colcon_core.package_identification:_identify(src/teleop_subscriber) by extensions ['ros']
[0.228s] Level 1:colcon.colcon_core.package_identification:_identify(src/teleop_subscriber) by extension 'ros'
[0.232s] DEBUG:colcon.colcon_core.package_identification:Package 'src/teleop_subscriber' with type 'ros.ament_python' and name 'teleop_subscriber'
[0.232s] Level 1:colcon.colcon_core.package_discovery:discover_packages(recursive) using defaults
[0.232s] Level 1:colcon.colcon_core.package_discovery:discover_packages(ignore) discover
[0.232s] Level 1:colcon.colcon_core.package_discovery:discover_packages(ignore) using defaults
[0.232s] Level 1:colcon.colcon_core.package_discovery:discover_packages(path) discover
[0.232s] Level 1:colcon.colcon_core.package_discovery:discover_packages(path) using defaults
[0.249s] Level 1:colcon.colcon_core.package_discovery:discover_packages(prefix_path) check parameters
[0.250s] Level 1:colcon.colcon_core.package_discovery:discover_packages(prefix_path) discover
[0.252s] DEBUG:colcon.colcon_installed_package_information.package_discovery:Found 289 installed packages in /opt/ros/kilted
[0.252s] Level 1:colcon.colcon_core.package_discovery:discover_packages(prefix_path) using defaults
[0.286s] Level 5:colcon.colcon_core.verb:set package 'teleop_subscriber' build argument 'cmake_args' from command line to 'None'
[0.286s] Level 5:colcon.colcon_core.verb:set package 'teleop_subscriber' build argument 'cmake_target' from command line to 'None'
[0.286s] Level 5:colcon.colcon_core.verb:set package 'teleop_subscriber' build argument 'cmake_target_skip_unavailable' from command line to 'False'
[0.286s] Level 5:colcon.colcon_core.verb:set package 'teleop_subscriber' build argument 'cmake_clean_cache' from command line to 'False'
[0.286s] Level 5:colcon.colcon_core.verb:set package 'teleop_subscriber' build argument 'cmake_clean_first' from command line to 'False'
[0.286s] Level 5:colcon.colcon_core.verb:set package 'teleop_subscriber' build argument 'cmake_force_configure' from command line to 'False'
[0.286s] Level 5:colcon.colcon_core.verb:set package 'teleop_subscriber' build argument 'ament_cmake_args' from command line to 'None'
[0.286s] Level 5:colcon.colcon_core.verb:set package 'teleop_subscriber' build argument 'catkin_cmake_args' from command line to 'None'
[0.286s] Level 5:colcon.colcon_core.verb:set package 'teleop_subscriber' build argument 'catkin_skip_building_tests' from command line to 'False'
[0.286s] DEBUG:colcon.colcon_core.verb:Building package 'teleop_subscriber' with the following arguments: {'ament_cmake_args': None, 'build_base': '/home/poseidon/ros2_ws/src/github/Tele-Operable-Robot/build/teleop_subscriber', 'catkin_cmake_args': None, 'catkin_skip_building_tests': False, 'cmake_args': None, 'cmake_clean_cache': False, 'cmake_clean_first': False, 'cmake_force_configure': False, 'cmake_target': None, 'cmake_target_skip_unavailable': False, 'install_base': '/home/poseidon/ros2_ws/src/github/Tele-Operable-Robot/install/teleop_subscriber', 'merge_install': False, 'path': '/home/poseidon/ros2_ws/src/github/Tele-Operable-Robot/src/teleop_subscriber', 'symlink_install': False, 'test_result_base': None}
[0.286s] INFO:colcon.colcon_core.executor:Executing jobs using 'parallel' executor
[0.287s] DEBUG:colcon.colcon_parallel_executor.executor.parallel:run_until_complete
[0.287s] INFO:colcon.colcon_ros.task.ament_python.build:Building ROS package in '/home/poseidon/ros2_ws/src/github/Tele-Operable-Robot/src/teleop_subscriber' with build type 'ament_python'
[0.287s] Level 1:colcon.colcon_core.shell:create_environment_hook('teleop_subscriber', 'ament_prefix_path')
[0.290s] INFO:colcon.colcon_core.plugin_system:Skipping extension 'colcon_core.shell.bat': Not used on non-Windows systems
[0.290s] INFO:colcon.colcon_core.shell:Creating environment hook '/home/poseidon/ros2_ws/src/github/Tele-Operable-Robot/install/teleop_subscriber/share/teleop_subscriber/hook/ament_prefix_path.ps1'
[0.295s] INFO:colcon.colcon_core.shell:Creating environment descriptor '/home/poseidon/ros2_ws/src/github/Tele-Operable-Robot/install/teleop_subscriber/share/teleop_subscriber/hook/ament_prefix_path.dsv'
[0.296s] INFO:colcon.colcon_core.shell:Creating environment hook '/home/poseidon/ros2_ws/src/github/Tele-Operable-Robot/install/teleop_subscriber/share/teleop_subscriber/hook/ament_prefix_path.sh'
[0.296s] INFO:colcon.colcon_core.shell:Skip shell extension 'powershell' for command environment: Not usable outside of PowerShell
[0.296s] DEBUG:colcon.colcon_core.shell:Skip shell extension 'dsv' for command environment
[0.423s] INFO:colcon.colcon_core.task.python.build:Building Python package in '/home/poseidon/ros2_ws/src/github/Tele-Operable-Robot/src/teleop_subscriber'
[0.423s] INFO:colcon.colcon_core.shell:Skip shell extension 'powershell' for command environment: Not usable outside of PowerShell
[0.423s] DEBUG:colcon.colcon_core.shell:Skip shell extension 'dsv' for command environment
[0.928s] DEBUG:colcon.colcon_core.event_handler.log_command:Invoking command in '/home/poseidon/ros2_ws/src/github/Tele-Operable-Robot/src/teleop_subscriber': DEBUGINFOD_URLS=https://debuginfod.ubuntu.com PYTHONPATH=/home/poseidon/ros2_ws/src/github/Tele-Operable-Robot/build/teleop_subscriber/prefix_override:/usr/lib/python3/dist-packages/colcon_core/task/python/colcon_distutils_commands:/home/poseidon/ros2_ws/src/github/Tele-Operable-Robot/install/teleop_subscriber/lib/python3.12/site-packages:${PYTHONPATH} /usr/bin/python3 -W ignore:setup.py install is deprecated -W ignore:easy_install command is deprecated setup.py egg_info --egg-base ../../build/teleop_subscriber build --build-base /home/poseidon/ros2_ws/src/github/Tele-Operable-Robot/build/teleop_subscriber/build install --record /home/poseidon/ros2_ws/src/github/Tele-Operable-Robot/build/teleop_subscriber/install.log --single-version-externally-managed install_data
[1.150s] DEBUG:colcon.colcon_core.event_handler.log_command:Invoked command in '/home/poseidon/ros2_ws/src/github/Tele-Operable-Robot/src/teleop_subscriber' returned '0': DEBUGINFOD_URLS=https://debuginfod.ubuntu.com PYTHONPATH=/home/poseidon/ros2_ws/src/github/Tele-Operable-Robot/build/teleop_subscriber/prefix_override:/usr/lib/python3/dist-packages/colcon_core/task/python/colcon_distutils_commands:/home/poseidon/ros2_ws/src/github/Tele-Operable-Robot/install/teleop_subscriber/lib/python3.12/site-packages:${PYTHONPATH} /usr/bin/python3 -W ignore:setup.py install is deprecated -W ignore:easy_install command is deprecated setup.py egg_info --egg-base ../../build/teleop_subscriber build --build-base /home/poseidon/ros2_ws/src/github/Tele-Operable-Robot/build/teleop_subscriber/build install --record /home/poseidon/ros2_ws/src/github/Tele-Operable-Robot/build/teleop_subscriber/install.log --single-version-externally-managed install_data
[1.157s] Level 1:colcon.colcon_core.environment:checking '/home/poseidon/ros2_ws/src/github/Tele-Operable-Robot/install/teleop_subscriber' for CMake module files
[1.157s] Level 1:colcon.colcon_core.environment:checking '/home/poseidon/ros2_ws/src/github/Tele-Operable-Robot/install/teleop_subscriber' for CMake config files
[1.157s] Level 1:colcon.colcon_core.environment:checking '/home/poseidon/ros2_ws/src/github/Tele-Operable-Robot/install/teleop_subscriber/lib'
[1.157s] Level 1:colcon.colcon_core.environment:checking '/home/poseidon/ros2_ws/src/github/Tele-Operable-Robot/install/teleop_subscriber/bin'
[1.157s] Level 1:colcon.colcon_core.environment:checking '/home/poseidon/ros2_ws/src/github/Tele-Operable-Robot/install/teleop_subscriber/lib/pkgconfig/teleop_subscriber.pc'
[1.157s] Level 1:colcon.colcon_core.environment:checking '/home/poseidon/ros2_ws/src/github/Tele-Operable-Robot/install/teleop_subscriber/lib/python3.12/site-packages'
[1.157s] Level 1:colcon.colcon_core.shell:create_environment_hook('teleop_subscriber', 'pythonpath')
[1.157s] INFO:colcon.colcon_core.shell:Creating environment hook '/home/poseidon/ros2_ws/src/github/Tele-Operable-Robot/install/teleop_subscriber/share/teleop_subscriber/hook/pythonpath.ps1'
[1.158s] INFO:colcon.colcon_core.shell:Creating environment descriptor '/home/poseidon/ros2_ws/src/github/Tele-Operable-Robot/install/teleop_subscriber/share/teleop_subscriber/hook/pythonpath.dsv'
[1.158s] INFO:colcon.colcon_core.shell:Creating environment hook '/home/poseidon/ros2_ws/src/github/Tele-Operable-Robot/install/teleop_subscriber/share/teleop_subscriber/hook/pythonpath.sh'
[1.158s] Level 1:colcon.colcon_core.environment:checking '/home/poseidon/ros2_ws/src/github/Tele-Operable-Robot/install/teleop_subscriber/bin'
[1.158s] Level 1:colcon.colcon_core.environment:create_environment_scripts_only(teleop_subscriber)
[1.158s] INFO:colcon.colcon_core.shell:Creating package script '/home/poseidon/ros2_ws/src/github/Tele-Operable-Robot/install/teleop_subscriber/share/teleop_subscriber/package.ps1'
[1.159s] INFO:colcon.colcon_core.shell:Creating package descriptor '/home/poseidon/ros2_ws/src/github/Tele-Operable-Robot/install/teleop_subscriber/share/teleop_subscriber/package.dsv'
[1.159s] INFO:colcon.colcon_core.shell:Creating package script '/home/poseidon/ros2_ws/src/github/Tele-Operable-Robot/install/teleop_subscriber/share/teleop_subscriber/package.sh'
[1.160s] INFO:colcon.colcon_core.shell:Creating package script '/home/poseidon/ros2_ws/src/github/Tele-Operable-Robot/install/teleop_subscriber/share/teleop_subscriber/package.bash'
[1.160s] INFO:colcon.colcon_core.shell:Creating package script '/home/poseidon/ros2_ws/src/github/Tele-Operable-Robot/install/teleop_subscriber/share/teleop_subscriber/package.zsh'
[1.161s] Level 1:colcon.colcon_core.environment:create_file_with_runtime_dependencies(/home/poseidon/ros2_ws/src/github/Tele-Operable-Robot/install/teleop_subscriber/share/colcon-core/packages/teleop_subscriber)
[1.161s] DEBUG:colcon.colcon_parallel_executor.executor.parallel:closing loop
[1.161s] DEBUG:colcon.colcon_parallel_executor.executor.parallel:loop closed
[1.161s] DEBUG:colcon.colcon_parallel_executor.executor.parallel:run_until_complete finished with '0'
[1.161s] DEBUG:colcon.colcon_core.event_reactor:joining thread
[1.167s] INFO:colcon.colcon_core.plugin_system:Skipping extension 'colcon_notification.desktop_notification.terminal_notifier': Not used on non-Darwin systems
[1.167s] INFO:colcon.colcon_core.plugin_system:Skipping extension 'colcon_notification.desktop_notification.win32': Not used on non-Windows systems
[1.167s] INFO:colcon.colcon_notification.desktop_notification:Sending desktop notification using 'notify2'
[1.219s] DEBUG:colcon.colcon_core.event_reactor:joined thread
[1.219s] INFO:colcon.colcon_core.shell:Creating prefix script '/home/poseidon/ros2_ws/src/github/Tele-Operable-Robot/install/local_setup.ps1'
[1.220s] INFO:colcon.colcon_core.shell:Creating prefix util module '/home/poseidon/ros2_ws/src/github/Tele-Operable-Robot/install/_local_setup_util_ps1.py'
[1.222s] INFO:colcon.colcon_core.shell:Creating prefix chain script '/home/poseidon/ros2_ws/src/github/Tele-Operable-Robot/install/setup.ps1'
[1.223s] INFO:colcon.colcon_core.shell:Creating prefix script '/home/poseidon/ros2_ws/src/github/Tele-Operable-Robot/install/local_setup.sh'
[1.223s] INFO:colcon.colcon_core.shell:Creating prefix util module '/home/poseidon/ros2_ws/src/github/Tele-Operable-Robot/install/_local_setup_util_sh.py'
[1.224s] INFO:colcon.colcon_core.shell:Creating prefix chain script '/home/poseidon/ros2_ws/src/github/Tele-Operable-Robot/install/setup.sh'
[1.225s] INFO:colcon.colcon_core.shell:Creating prefix script '/home/poseidon/ros2_ws/src/github/Tele-Operable-Robot/install/local_setup.bash'
[1.225s] INFO:colcon.colcon_core.shell:Creating prefix chain script '/home/poseidon/ros2_ws/src/github/Tele-Operable-Robot/install/setup.bash'
[1.225s] INFO:colcon.colcon_core.shell:Creating prefix script '/home/poseidon/ros2_ws/src/github/Tele-Operable-Robot/install/local_setup.zsh'
[1.226s] INFO:colcon.colcon_core.shell:Creating prefix chain script '/home/poseidon/ros2_ws/src/github/Tele-Operable-Robot/install/setup.zsh'
